{
  "numFailedTestSuites": 1,
  "numFailedTests": 1,
  "numPassedTestSuites": 1,
  "numPassedTests": 4,
  "numPendingTestSuites": 0,
  "numPendingTests": 0,
  "numRuntimeErrorTestSuites": 0,
  "numTodoTests": 0,
  "numTotalTestSuites": 2,
  "numTotalTests": 5,
  "openHandles": [],
  "snapshot": {
    "added": 0,
    "didUpdate": false,
    "failure": false,
    "filesAdded": 0,
    "filesRemoved": 0,
    "filesRemovedList": [],
    "filesUnmatched": 0,
    "filesUpdated": 0,
    "matched": 1,
    "total": 1,
    "unchecked": 0,
    "uncheckedKeysByFile": [],
    "unmatched": 0,
    "updated": 0
  },
  "startTime": 1604486100433,
  "success": false,
  "testResults": [
    {
      "leaks": false,
      "numFailingTests": 0,
      "numPassingTests": 4,
      "numPendingTests": 0,
      "numTodoTests": 0,
      "openHandles": [],
      "perfStats": {
        "end": 1604486117058,
        "start": 1604486106355
      },
      "skipped": false,
      "snapshot": {
        "added": 0,
        "fileDeleted": false,
        "matched": 1,
        "unchecked": 0,
        "unmatched": 0,
        "updated": 0,
        "uncheckedKeys": []
      },
      "testFilePath": "C:\\Users\\user278\\Desktop\\React\\Day-9\\react-jest-enzyme-example-master\\src\\test\\calculator.test.js",
      "testResults": [
        {
          "ancestorTitles": [
            "Calculator component"
          ],
          "duration": 56,
          "failureMessages": [],
          "fullName": "Calculator component should render snapshot",
          "location": null,
          "numPassingAsserts": 0,
          "status": "passed",
          "title": "should render snapshot"
        },
        {
          "ancestorTitles": [
            "Calculator component"
          ],
          "duration": 15,
          "failureMessages": [],
          "fullName": "Calculator component should return the correct sum",
          "location": null,
          "numPassingAsserts": 0,
          "status": "passed",
          "title": "should return the correct sum"
        },
        {
          "ancestorTitles": [
            "Calculator component"
          ],
          "duration": 32,
          "failureMessages": [],
          "fullName": "Calculator component should render required form elements",
          "location": null,
          "numPassingAsserts": 0,
          "status": "passed",
          "title": "should render required form elements"
        },
        {
          "ancestorTitles": [
            "Calculator component"
          ],
          "duration": 218,
          "failureMessages": [],
          "fullName": "Calculator component should display the result on add",
          "location": null,
          "numPassingAsserts": 0,
          "status": "passed",
          "title": "should display the result on add"
        }
      ],
      "failureMessage": null
    },
    {
      "leaks": false,
      "numFailingTests": 1,
      "numPassingTests": 0,
      "numPendingTests": 0,
      "numTodoTests": 0,
      "openHandles": [],
      "perfStats": {
        "end": 1604486117543,
        "start": 1604486106356
      },
      "skipped": false,
      "snapshot": {
        "added": 0,
        "fileDeleted": false,
        "matched": 0,
        "unchecked": 0,
        "unmatched": 0,
        "updated": 0,
        "uncheckedKeys": []
      },
      "testFilePath": "C:\\Users\\user278\\Desktop\\React\\Day-9\\react-jest-enzyme-example-master\\src\\test\\OrderedList.test.js",
      "testResults": [
        {
          "ancestorTitles": [
            "Out test suites"
          ],
          "duration": 78,
          "failureMessages": [
            "Error: \u001b[2mexpect(\u001b[22m\u001b[31mreceived\u001b[39m\u001b[2m).\u001b[22mtoHaveLength\u001b[2m(\u001b[22m\u001b[32mexpected\u001b[39m\u001b[2m)\u001b[22m\n\nExpected length: \u001b[32m3\u001b[39m\nReceived length: \u001b[31m0\u001b[39m\nReceived object: \u001b[31m{\"_root\": {\"0\": {\"attribs\": {\"class\": \"empty\"}, \"children\": [{\"data\": \"NO Option List \", \"next\": null, \"parent\": [Circular], \"prev\": null, \"type\": \"text\"}], \"name\": \"span\", \"namespace\": \"http://www.w3.org/1999/xhtml\", \"next\": null, \"parent\": null, \"prev\": null, \"root\": {\"attribs\": {}, \"children\": [[Circular]], \"name\": \"root\", \"namespace\": \"http://www.w3.org/1999/xhtml\", \"next\": null, \"parent\": null, \"prev\": null, \"type\": \"root\", \"x-attribsNamespace\": {}, \"x-attribsPrefix\": {}}, \"type\": \"tag\", \"x-attribsNamespace\": {\"class\": undefined}, \"x-attribsPrefix\": {\"class\": undefined}}, \"_root\": [Circular], \"length\": 1, \"options\": {\"decodeEntities\": true, \"normalizeWhitespace\": false, \"withDomLvl1\": true, \"xml\": false}}, \"length\": 0, \"options\": {\"decodeEntities\": true, \"normalizeWhitespace\": false, \"withDomLvl1\": true, \"xml\": false}, \"prevObject\": {\"0\": {\"attribs\": {\"class\": \"empty\"}, \"children\": [{\"data\": \"NO Option List \", \"next\": null, \"parent\": [Circular], \"prev\": null, \"type\": \"text\"}], \"name\": \"span\", \"namespace\": \"http://www.w3.org/1999/xhtml\", \"next\": null, \"parent\": null, \"prev\": null, \"root\": {\"attribs\": {}, \"children\": [[Circular]], \"name\": \"root\", \"namespace\": \"http://www.w3.org/1999/xhtml\", \"next\": null, \"parent\": null, \"prev\": null, \"type\": \"root\", \"x-attribsNamespace\": {}, \"x-attribsPrefix\": {}}, \"type\": \"tag\", \"x-attribsNamespace\": {\"class\": undefined}, \"x-attribsPrefix\": {\"class\": undefined}}, \"_root\": [Circular], \"length\": 1, \"options\": {\"decodeEntities\": true, \"normalizeWhitespace\": false, \"withDomLvl1\": true, \"xml\": false}}}\u001b[39m\n    at Object.<anonymous> (C:\\Users\\user278\\Desktop\\React\\Day-9\\react-jest-enzyme-example-master\\src\\test\\OrderedList.test.js:11:40)\n    at Object.asyncJestTest (C:\\Users\\user278\\Desktop\\React\\Day-9\\react-jest-enzyme-example-master\\node_modules\\jest-jasmine2\\build\\jasmineAsyncInstall.js:100:37)\n    at C:\\Users\\user278\\Desktop\\React\\Day-9\\react-jest-enzyme-example-master\\node_modules\\jest-jasmine2\\build\\queueRunner.js:47:12\n    at new Promise (<anonymous>)\n    at mapper (C:\\Users\\user278\\Desktop\\React\\Day-9\\react-jest-enzyme-example-master\\node_modules\\jest-jasmine2\\build\\queueRunner.js:30:19)\n    at C:\\Users\\user278\\Desktop\\React\\Day-9\\react-jest-enzyme-example-master\\node_modules\\jest-jasmine2\\build\\queueRunner.js:77:41\n    at processTicksAndRejections (internal/process/task_queues.js:97:5)"
          ],
          "fullName": "Out test suites render all the mocked options",
          "location": null,
          "numPassingAsserts": 0,
          "status": "failed",
          "title": "render all the mocked options"
        }
      ],
      "failureMessage": "\u001b[1m\u001b[31m  \u001b[1m● \u001b[22m\u001b[1mOut test suites › render all the mocked options\u001b[39m\u001b[22m\n\n    \u001b[2mexpect(\u001b[22m\u001b[31mreceived\u001b[39m\u001b[2m).\u001b[22mtoHaveLength\u001b[2m(\u001b[22m\u001b[32mexpected\u001b[39m\u001b[2m)\u001b[22m\n\n    Expected length: \u001b[32m3\u001b[39m\n    Received length: \u001b[31m0\u001b[39m\n    Received object: \u001b[31m{\"_root\": {\"0\": {\"attribs\": {\"class\": \"empty\"}, \"children\": [{\"data\": \"NO Option List \", \"next\": null, \"parent\": [Circular], \"prev\": null, \"type\": \"text\"}], \"name\": \"span\", \"namespace\": \"http://www.w3.org/1999/xhtml\", \"next\": null, \"parent\": null, \"prev\": null, \"root\": {\"attribs\": {}, \"children\": [[Circular]], \"name\": \"root\", \"namespace\": \"http://www.w3.org/1999/xhtml\", \"next\": null, \"parent\": null, \"prev\": null, \"type\": \"root\", \"x-attribsNamespace\": {}, \"x-attribsPrefix\": {}}, \"type\": \"tag\", \"x-attribsNamespace\": {\"class\": undefined}, \"x-attribsPrefix\": {\"class\": undefined}}, \"_root\": [Circular], \"length\": 1, \"options\": {\"decodeEntities\": true, \"normalizeWhitespace\": false, \"withDomLvl1\": true, \"xml\": false}}, \"length\": 0, \"options\": {\"decodeEntities\": true, \"normalizeWhitespace\": false, \"withDomLvl1\": true, \"xml\": false}, \"prevObject\": {\"0\": {\"attribs\": {\"class\": \"empty\"}, \"children\": [{\"data\": \"NO Option List \", \"next\": null, \"parent\": [Circular], \"prev\": null, \"type\": \"text\"}], \"name\": \"span\", \"namespace\": \"http://www.w3.org/1999/xhtml\", \"next\": null, \"parent\": null, \"prev\": null, \"root\": {\"attribs\": {}, \"children\": [[Circular]], \"name\": \"root\", \"namespace\": \"http://www.w3.org/1999/xhtml\", \"next\": null, \"parent\": null, \"prev\": null, \"type\": \"root\", \"x-attribsNamespace\": {}, \"x-attribsPrefix\": {}}, \"type\": \"tag\", \"x-attribsNamespace\": {\"class\": undefined}, \"x-attribsPrefix\": {\"class\": undefined}}, \"_root\": [Circular], \"length\": 1, \"options\": {\"decodeEntities\": true, \"normalizeWhitespace\": false, \"withDomLvl1\": true, \"xml\": false}}}\u001b[39m\n\u001b[2m\u001b[22m\n\u001b[2m    \u001b[0m \u001b[90m  9 | \u001b[39m        \u001b[0m\u001b[22m\n\u001b[2m    \u001b[0m \u001b[90m 10 | \u001b[39m        expect(wrapper\u001b[33m.\u001b[39mfind(\u001b[32m'options'\u001b[39m))\u001b[33m.\u001b[39mtoBeDefined()\u001b[33m;\u001b[39m\u001b[0m\u001b[22m\n\u001b[2m    \u001b[0m\u001b[31m\u001b[1m>\u001b[22m\u001b[2m\u001b[39m\u001b[90m 11 | \u001b[39m        expect(wrapper\u001b[33m.\u001b[39mfind(\u001b[32m'.value'\u001b[39m))\u001b[33m.\u001b[39mtoHaveLength(names\u001b[33m.\u001b[39mlength)\u001b[0m\u001b[22m\n\u001b[2m    \u001b[0m \u001b[90m    | \u001b[39m                                       \u001b[31m\u001b[1m^\u001b[22m\u001b[2m\u001b[39m\u001b[0m\u001b[22m\n\u001b[2m    \u001b[0m \u001b[90m 12 | \u001b[39m        \u001b[0m\u001b[22m\n\u001b[2m    \u001b[0m \u001b[90m 13 | \u001b[39m    })\u001b[33m;\u001b[39m\u001b[0m\u001b[22m\n\u001b[2m    \u001b[0m \u001b[90m 14 | \u001b[39m})\u001b[33m;\u001b[39m\u001b[0m\u001b[22m\n\u001b[2m\u001b[22m\n\u001b[2m      \u001b[2mat Object.<anonymous> (\u001b[22m\u001b[2m\u001b[0m\u001b[36mOrderedList.test.js\u001b[39m\u001b[0m\u001b[2m:11:40)\u001b[22m\u001b[2m\u001b[22m\n"
    }
  ],
  "wasInterrupted": false
}