<?xml version="1.0" encoding="UTF-8"?>
<coverage generated="1604470791639" clover="3.2.0">
  <project timestamp="1604470791639" name="All files">
    <metrics statements="13" coveredstatements="13" conditionals="4" coveredconditionals="2" methods="7" coveredmethods="7" elements="24" coveredelements="22" complexity="0" loc="13" ncloc="13" packages="1" files="3" classes="3"/>
    <file name="filtered.js" path="C:\Users\user278\Desktop\React\Day-7\FluxAndRedux\filtered.js">
      <metrics statements="6" coveredstatements="6" conditionals="4" coveredconditionals="2" methods="2" coveredmethods="2"/>
      <line num="2" count="2" type="cond" truecount="1" falsecount="1"/>
      <line num="3" count="2" type="cond" truecount="1" falsecount="1"/>
      <line num="4" count="2" type="stmt"/>
      <line num="5" count="2" type="stmt"/>
      <line num="6" count="6" type="stmt"/>
      <line num="10" count="1" type="stmt"/>
    </file>
    <file name="math.js" path="C:\Users\user278\Desktop\React\Day-7\FluxAndRedux\math.js">
      <metrics statements="5" coveredstatements="5" conditionals="0" coveredconditionals="0" methods="4" coveredmethods="4"/>
      <line num="1" count="1" type="stmt"/>
      <line num="2" count="1" type="stmt"/>
      <line num="3" count="1" type="stmt"/>
      <line num="4" count="1" type="stmt"/>
      <line num="6" count="1" type="stmt"/>
    </file>
    <file name="sum.js" path="C:\Users\user278\Desktop\React\Day-7\FluxAndRedux\sum.js">
      <metrics statements="2" coveredstatements="2" conditionals="0" coveredconditionals="0" methods="1" coveredmethods="1"/>
      <line num="2" count="1" type="stmt"/>
      <line num="4" count="1" type="stmt"/>
    </file>
  </project>
</coverage>
